<?xml version="1.0" encoding="UTF-8"?>
<testsuite name="com.dongwoo.study.springboot.web.IndexControllerTest" tests="1" skipped="0" failures="0" errors="0" timestamp="2021-06-21T08:23:26" hostname="idong-uui-MacBookPro-3.local" time="0.27">
  <properties/>
  <testcase name="메인페이지_로딩()" classname="com.dongwoo.study.springboot.web.IndexControllerTest" time="0.27"/>
  <system-out><![CDATA[17:23:22.231 [Test worker] DEBUG org.springframework.test.context.BootstrapUtils - Instantiating CacheAwareContextLoaderDelegate from class [org.springframework.test.context.cache.DefaultCacheAwareContextLoaderDelegate]
17:23:22.242 [Test worker] DEBUG org.springframework.test.context.BootstrapUtils - Instantiating BootstrapContext using constructor [public org.springframework.test.context.support.DefaultBootstrapContext(java.lang.Class,org.springframework.test.context.CacheAwareContextLoaderDelegate)]
17:23:22.273 [Test worker] DEBUG org.springframework.test.context.BootstrapUtils - Instantiating TestContextBootstrapper for test class [com.dongwoo.study.springboot.web.IndexControllerTest] from class [org.springframework.boot.test.context.SpringBootTestContextBootstrapper]
17:23:22.283 [Test worker] INFO org.springframework.boot.test.context.SpringBootTestContextBootstrapper - Neither @ContextConfiguration nor @ContextHierarchy found for test class [com.dongwoo.study.springboot.web.IndexControllerTest], using SpringBootContextLoader
17:23:22.286 [Test worker] DEBUG org.springframework.test.context.support.AbstractContextLoader - Did not detect default resource location for test class [com.dongwoo.study.springboot.web.IndexControllerTest]: class path resource [com/dongwoo/study/springboot/web/IndexControllerTest-context.xml] does not exist
17:23:22.287 [Test worker] DEBUG org.springframework.test.context.support.AbstractContextLoader - Did not detect default resource location for test class [com.dongwoo.study.springboot.web.IndexControllerTest]: class path resource [com/dongwoo/study/springboot/web/IndexControllerTestContext.groovy] does not exist
17:23:22.287 [Test worker] INFO org.springframework.test.context.support.AbstractContextLoader - Could not detect default resource locations for test class [com.dongwoo.study.springboot.web.IndexControllerTest]: no resource found for suffixes {-context.xml, Context.groovy}.
17:23:22.288 [Test worker] INFO org.springframework.test.context.support.AnnotationConfigContextLoaderUtils - Could not detect default configuration classes for test class [com.dongwoo.study.springboot.web.IndexControllerTest]: IndexControllerTest does not declare any static, non-private, non-final, nested classes annotated with @Configuration.
17:23:22.325 [Test worker] DEBUG org.springframework.test.context.support.ActiveProfilesUtils - Could not find an 'annotation declaring class' for annotation type [org.springframework.test.context.ActiveProfiles] and class [com.dongwoo.study.springboot.web.IndexControllerTest]
17:23:22.406 [Test worker] DEBUG org.springframework.context.annotation.ClassPathScanningCandidateComponentProvider - Identified candidate component class: file [/Users/dongwoo/springboot-aws/build/classes/java/main/com/dongwoo/study/springboot/Application.class]
17:23:22.407 [Test worker] INFO org.springframework.boot.test.context.SpringBootTestContextBootstrapper - Found @SpringBootConfiguration com.dongwoo.study.springboot.Application for test class com.dongwoo.study.springboot.web.IndexControllerTest
17:23:22.488 [Test worker] DEBUG org.springframework.boot.test.context.SpringBootTestContextBootstrapper - @TestExecutionListeners is not present for class [com.dongwoo.study.springboot.web.IndexControllerTest]: using defaults.
17:23:22.489 [Test worker] INFO org.springframework.boot.test.context.SpringBootTestContextBootstrapper - Loaded default TestExecutionListener class names from location [META-INF/spring.factories]: [org.springframework.boot.test.autoconfigure.restdocs.RestDocsTestExecutionListener, org.springframework.boot.test.autoconfigure.web.client.MockRestServiceServerResetTestExecutionListener, org.springframework.boot.test.autoconfigure.web.servlet.MockMvcPrintOnlyOnFailureTestExecutionListener, org.springframework.boot.test.autoconfigure.web.servlet.WebDriverTestExecutionListener, org.springframework.boot.test.autoconfigure.webservices.client.MockWebServiceServerTestExecutionListener, org.springframework.boot.test.mock.mockito.MockitoTestExecutionListener, org.springframework.boot.test.mock.mockito.ResetMocksTestExecutionListener, org.springframework.test.context.web.ServletTestExecutionListener, org.springframework.test.context.support.DirtiesContextBeforeModesTestExecutionListener, org.springframework.test.context.support.DependencyInjectionTestExecutionListener, org.springframework.test.context.support.DirtiesContextTestExecutionListener, org.springframework.test.context.transaction.TransactionalTestExecutionListener, org.springframework.test.context.jdbc.SqlScriptsTestExecutionListener, org.springframework.test.context.event.EventPublishingTestExecutionListener]
17:23:22.506 [Test worker] INFO org.springframework.boot.test.context.SpringBootTestContextBootstrapper - Using TestExecutionListeners: [org.springframework.test.context.web.ServletTestExecutionListener@6f746537, org.springframework.test.context.support.DirtiesContextBeforeModesTestExecutionListener@3e5aca30, org.springframework.boot.test.mock.mockito.MockitoTestExecutionListener@1147baf5, org.springframework.boot.test.autoconfigure.SpringBootDependencyInjectionTestExecutionListener@50b4d091, org.springframework.test.context.support.DirtiesContextTestExecutionListener@1ca55a6d, org.springframework.test.context.transaction.TransactionalTestExecutionListener@74c61883, org.springframework.test.context.jdbc.SqlScriptsTestExecutionListener@587a94fc, org.springframework.test.context.event.EventPublishingTestExecutionListener@2ebcf73a, org.springframework.boot.test.autoconfigure.restdocs.RestDocsTestExecutionListener@18fca6b2, org.springframework.boot.test.autoconfigure.web.client.MockRestServiceServerResetTestExecutionListener@5cbab72e, org.springframework.boot.test.autoconfigure.web.servlet.MockMvcPrintOnlyOnFailureTestExecutionListener@50eb0531, org.springframework.boot.test.autoconfigure.web.servlet.WebDriverTestExecutionListener@19a72d31, org.springframework.boot.test.autoconfigure.webservices.client.MockWebServiceServerTestExecutionListener@6413d181, org.springframework.boot.test.mock.mockito.ResetMocksTestExecutionListener@6d1919ea]
17:23:22.509 [Test worker] DEBUG org.springframework.test.context.support.AbstractDirtiesContextTestExecutionListener - Before test class: context [DefaultTestContext@1c780992 testClass = IndexControllerTest, testInstance = [null], testMethod = [null], testException = [null], mergedContextConfiguration = [WebMergedContextConfiguration@46d9b46a testClass = IndexControllerTest, locations = '{}', classes = '{class com.dongwoo.study.springboot.Application}', contextInitializerClasses = '[]', activeProfiles = '{}', propertySourceLocations = '{}', propertySourceProperties = '{org.springframework.boot.test.context.SpringBootTestContextBootstrapper=true, server.port=0}', contextCustomizers = set[org.springframework.boot.test.autoconfigure.actuate.metrics.MetricsExportContextCustomizerFactory$DisableMetricExportContextCustomizer@450d9e62, org.springframework.boot.test.autoconfigure.properties.PropertyMappingContextCustomizer@0, org.springframework.boot.test.autoconfigure.web.servlet.WebDriverContextCustomizerFactory$Customizer@232a0387, org.springframework.boot.test.context.filter.ExcludeFilterContextCustomizer@6f7f2900, org.springframework.boot.test.json.DuplicateJsonObjectContextCustomizerFactory$DuplicateJsonObjectContextCustomizer@2ebbe769, org.springframework.boot.test.mock.mockito.MockitoContextCustomizer@0, org.springframework.boot.test.web.client.TestRestTemplateContextCustomizer@46aed9a4, org.springframework.boot.test.context.SpringBootTestArgs@1, org.springframework.boot.test.context.SpringBootTestWebEnvironment@193dbdbc], resourceBasePath = 'src/main/webapp', contextLoader = 'org.springframework.boot.test.context.SpringBootContextLoader', parent = [null]], attributes = map['org.springframework.test.context.web.ServletTestExecutionListener.activateListener' -> false]], class annotated with @DirtiesContext [false] with mode [null].
17:23:22.518 [Test worker] DEBUG org.springframework.test.context.support.DependencyInjectionTestExecutionListener - Performing dependency injection for test context [[DefaultTestContext@1c780992 testClass = IndexControllerTest, testInstance = com.dongwoo.study.springboot.web.IndexControllerTest@28c1f3af, testMethod = [null], testException = [null], mergedContextConfiguration = [WebMergedContextConfiguration@46d9b46a testClass = IndexControllerTest, locations = '{}', classes = '{class com.dongwoo.study.springboot.Application}', contextInitializerClasses = '[]', activeProfiles = '{}', propertySourceLocations = '{}', propertySourceProperties = '{org.springframework.boot.test.context.SpringBootTestContextBootstrapper=true, server.port=0}', contextCustomizers = set[org.springframework.boot.test.autoconfigure.actuate.metrics.MetricsExportContextCustomizerFactory$DisableMetricExportContextCustomizer@450d9e62, org.springframework.boot.test.autoconfigure.properties.PropertyMappingContextCustomizer@0, org.springframework.boot.test.autoconfigure.web.servlet.WebDriverContextCustomizerFactory$Customizer@232a0387, org.springframework.boot.test.context.filter.ExcludeFilterContextCustomizer@6f7f2900, org.springframework.boot.test.json.DuplicateJsonObjectContextCustomizerFactory$DuplicateJsonObjectContextCustomizer@2ebbe769, org.springframework.boot.test.mock.mockito.MockitoContextCustomizer@0, org.springframework.boot.test.web.client.TestRestTemplateContextCustomizer@46aed9a4, org.springframework.boot.test.context.SpringBootTestArgs@1, org.springframework.boot.test.context.SpringBootTestWebEnvironment@193dbdbc], resourceBasePath = 'src/main/webapp', contextLoader = 'org.springframework.boot.test.context.SpringBootContextLoader', parent = [null]], attributes = map['org.springframework.test.context.web.ServletTestExecutionListener.activateListener' -> false]]].
17:23:22.535 [Test worker] DEBUG org.springframework.test.context.support.TestPropertySourceUtils - Adding inlined properties to environment: {spring.jmx.enabled=false, org.springframework.boot.test.context.SpringBootTestContextBootstrapper=true, server.port=0}

  .   ____          _            __ _ _
 /\\ / ___'_ __ _ _(_)_ __  __ _ \ \ \ \
( ( )\___ | '_ | '_| | '_ \/ _` | \ \ \ \
 \\/  ___)| |_)| | | | | || (_| |  ) ) ) )
  '  |____| .__|_| |_|_| |_\__, | / / / /
 =========|_|==============|___/=/_/_/_/
 :: Spring Boot ::                (v2.4.1)

2021-06-21 17:23:22.788  INFO 28194 --- [    Test worker] c.d.s.s.web.IndexControllerTest          : Starting IndexControllerTest using Java 1.8.0_261 on idong-uui-MacBookPro-3.local with PID 28194 (started by dongwoo in /Users/dongwoo/springboot-aws)
2021-06-21 17:23:22.789  INFO 28194 --- [    Test worker] c.d.s.s.web.IndexControllerTest          : No active profile set, falling back to default profiles: default
2021-06-21 17:23:23.325  INFO 28194 --- [    Test worker] .s.d.r.c.RepositoryConfigurationDelegate : Bootstrapping Spring Data JPA repositories in DEFAULT mode.
2021-06-21 17:23:23.366  INFO 28194 --- [    Test worker] .s.d.r.c.RepositoryConfigurationDelegate : Finished Spring Data repository scanning in 35 ms. Found 1 JPA repository interfaces.
2021-06-21 17:23:23.994  INFO 28194 --- [    Test worker] o.s.b.w.embedded.tomcat.TomcatWebServer  : Tomcat initialized with port(s): 0 (http)
2021-06-21 17:23:24.013  INFO 28194 --- [    Test worker] o.apache.catalina.core.StandardService   : Starting service [Tomcat]
2021-06-21 17:23:24.013  INFO 28194 --- [    Test worker] org.apache.catalina.core.StandardEngine  : Starting Servlet engine: [Apache Tomcat/9.0.41]
2021-06-21 17:23:24.148  INFO 28194 --- [    Test worker] o.a.c.c.C.[Tomcat].[localhost].[/]       : Initializing Spring embedded WebApplicationContext
2021-06-21 17:23:24.149  INFO 28194 --- [    Test worker] w.s.c.ServletWebServerApplicationContext : Root WebApplicationContext: initialization completed in 1342 ms
2021-06-21 17:23:24.212  INFO 28194 --- [    Test worker] com.zaxxer.hikari.HikariDataSource       : HikariPool-1 - Starting...
2021-06-21 17:23:24.435  INFO 28194 --- [    Test worker] com.zaxxer.hikari.HikariDataSource       : HikariPool-1 - Start completed.
2021-06-21 17:23:24.442  INFO 28194 --- [    Test worker] o.s.b.a.h2.H2ConsoleAutoConfiguration    : H2 console available at '/h2-console'. Database available at 'jdbc:h2:mem:testdb'
2021-06-21 17:23:24.712  INFO 28194 --- [    Test worker] o.hibernate.jpa.internal.util.LogHelper  : HHH000204: Processing PersistenceUnitInfo [name: default]
2021-06-21 17:23:24.780  INFO 28194 --- [    Test worker] org.hibernate.Version                    : HHH000412: Hibernate ORM core version 5.4.25.Final
2021-06-21 17:23:24.987  INFO 28194 --- [    Test worker] o.hibernate.annotations.common.Version   : HCANN000001: Hibernate Commons Annotations {5.1.2.Final}
2021-06-21 17:23:25.134  INFO 28194 --- [    Test worker] org.hibernate.dialect.Dialect            : HHH000400: Using dialect: org.hibernate.dialect.MySQL57Dialect
Hibernate: drop table if exists posts
Hibernate: create table posts (id bigint not null auto_increment, created_date datetime(6), modified_date datetime(6), author varchar(255), content TEXT not null, title varchar(500) not null, primary key (id)) engine=InnoDB
2021-06-21 17:23:25.795  INFO 28194 --- [    Test worker] o.h.e.t.j.p.i.JtaPlatformInitiator       : HHH000490: Using JtaPlatform implementation: [org.hibernate.engine.transaction.jta.platform.internal.NoJtaPlatform]
2021-06-21 17:23:25.806  INFO 28194 --- [    Test worker] j.LocalContainerEntityManagerFactoryBean : Initialized JPA EntityManagerFactory for persistence unit 'default'
2021-06-21 17:23:26.190  WARN 28194 --- [    Test worker] JpaBaseConfiguration$JpaWebConfiguration : spring.jpa.open-in-view is enabled by default. Therefore, database queries may be performed during view rendering. Explicitly configure spring.jpa.open-in-view to disable this warning
2021-06-21 17:23:26.376  INFO 28194 --- [    Test worker] o.s.s.concurrent.ThreadPoolTaskExecutor  : Initializing ExecutorService 'applicationTaskExecutor'
2021-06-21 17:23:26.577  INFO 28194 --- [    Test worker] o.s.b.a.w.s.WelcomePageHandlerMapping    : Adding welcome page template: index
2021-06-21 17:23:26.824  INFO 28194 --- [    Test worker] o.s.b.w.embedded.tomcat.TomcatWebServer  : Tomcat started on port(s): 64761 (http) with context path ''
2021-06-21 17:23:26.832  INFO 28194 --- [    Test worker] c.d.s.s.web.IndexControllerTest          : Started IndexControllerTest in 4.294 seconds (JVM running for 5.291)
2021-06-21 17:23:27.003  INFO 28194 --- [o-auto-1-exec-1] o.a.c.c.C.[Tomcat].[localhost].[/]       : Initializing Spring DispatcherServlet 'dispatcherServlet'
2021-06-21 17:23:27.003  INFO 28194 --- [o-auto-1-exec-1] o.s.web.servlet.DispatcherServlet        : Initializing Servlet 'dispatcherServlet'
2021-06-21 17:23:27.004  INFO 28194 --- [o-auto-1-exec-1] o.s.web.servlet.DispatcherServlet        : Completed initialization in 1 ms
]]></system-out>
  <system-err><![CDATA[]]></system-err>
</testsuite>
